<?xml version="1.0" encoding="UTF-8"?>
<!-- Generated by org.testng.reporters.JUnitReportReporter -->
<testsuite hostname="DESKTOP-DH358QR" failures="0" tests="1" name="testLayer.SortingAndFilterTest" time="25.610" errors="0" timestamp="2023-06-16T05:01:24 EDT" skipped="0">
  <testcase classname="testLayer.SortingAndFilterTest" name="Show" time="25.610"/>
  <system-out/>
</testsuite> <!-- testLayer.SortingAndFilterTest -->
