<?xml version="1.0" encoding="UTF-8"?>
<!-- Generated by org.testng.reporters.JUnitReportReporter -->
<testsuite hostname="DESKTOP-DH358QR" failures="0" tests="1" name="testLayer.SortFilterPageTest" time="36.126" errors="0" timestamp="2023-06-16T05:37:02 EDT" skipped="0">
  <testcase classname="testLayer.SortFilterPageTest" name="pagination" time="36.126"/>
  <system-out/>
</testsuite> <!-- testLayer.SortFilterPageTest -->
