<?xml version="1.0" encoding="UTF-8"?>
<!-- Generated by org.testng.reporters.JUnitReportReporter -->
<testsuite hostname="DESKTOP-DH358QR" failures="0" tests="1" name="basePack.CallingTestNG" time="8.552" errors="0" timestamp="2023-06-08T04:02:21 EDT" skipped="0">
  <testcase classname="basePack.CallingTestNG" name="Signup" time="8.552"/>
  <system-out/>
</testsuite> <!-- basePack.CallingTestNG -->
