<?xml version="1.0" encoding="UTF-8"?>
<!-- Generated by org.testng.reporters.JUnitReportReporter -->
<testsuite hostname="DESKTOP-DH358QR" failures="0" tests="1" name="testLayer.Sorting" time="26.740" errors="0" timestamp="2023-06-14T04:18:50 EDT" skipped="0">
  <testcase classname="testLayer.Sorting" name="Show" time="26.740"/>
  <system-out/>
</testsuite> <!-- testLayer.Sorting -->
