<?xml version="1.0" encoding="UTF-8"?>
<!-- Generated by org.testng.reporters.JUnitReportReporter -->
<testsuite hostname="DESKTOP-DH358QR" failures="0" tests="2" name="testLayer.LoginTestA" time="26.416" errors="0" timestamp="2023-06-15T18:31:14 EDT" skipped="0">
  <testcase classname="testLayer.LoginTestA" name="accDisplay" time="11.695"/>
  <system-out/>
  <testcase classname="testLayer.LoginTestA" name="mouse" time="14.721"/>
  <system-out/>
</testsuite> <!-- testLayer.LoginTestA -->
