<?xml version="1.0" encoding="UTF-8"?>
<!-- Generated by org.testng.reporters.JUnitReportReporter -->
<testsuite hostname="DESKTOP-DH358QR" failures="0" tests="1" name="testLayer.Sorting" time="30.370" errors="0" timestamp="2023-06-16T04:35:39 EDT" skipped="0">
  <testcase classname="testLayer.Sorting" name="Sort" time="30.370"/>
  <system-out/>
</testsuite> <!-- testLayer.Sorting -->
