<?xml version="1.0" encoding="UTF-8"?>
<!-- Generated by org.testng.reporters.JUnitReportReporter -->
<testsuite hostname="DESKTOP-DH358QR" failures="0" tests="3" name="testLayer.SearchTest" time="64.342" errors="0" timestamp="2023-06-09T05:33:47 EDT" skipped="0">
  <testcase classname="testLayer.SearchTest" name="Show" time="19.904"/>
  <system-out/>
  <testcase classname="testLayer.SearchTest" name="Show" time="21.901"/>
  <system-out/>
  <testcase classname="testLayer.SearchTest" name="Show" time="22.537"/>
  <system-out/>
</testsuite> <!-- testLayer.SearchTest -->
