<?xml version="1.0" encoding="UTF-8"?>
<!-- Generated by org.testng.reporters.JUnitReportReporter -->
<testsuite hostname="DESKTOP-DH358QR" failures="0" tests="2" name="testLayer.LoginTestA" time="32.530" errors="0" timestamp="2023-06-14T04:17:11 EDT" skipped="0">
  <testcase classname="testLayer.LoginTestA" name="accDisplay" time="12.935"/>
  <system-out/>
  <testcase classname="testLayer.LoginTestA" name="mouse" time="19.595"/>
  <system-out/>
</testsuite> <!-- testLayer.LoginTestA -->
