<?xml version="1.0" encoding="UTF-8"?>
<!-- Generated by org.testng.reporters.JUnitReportReporter -->
<testsuite hostname="DESKTOP-DH358QR" failures="0" tests="1" name="testLayer.PaginationTest" time="27.614" errors="0" timestamp="2023-06-16T04:29:29 EDT" skipped="0">
  <testcase classname="testLayer.PaginationTest" name="pagination" time="27.614"/>
  <system-out/>
</testsuite> <!-- testLayer.PaginationTest -->
